<?xml version="1.0" encoding="UTF-8"?>
<testsuite xmlns:xsi="http://www.w3.org/2001/XMLSchema-instance" xsi:noNamespaceSchemaLocation="https://maven.apache.org/surefire/maven-surefire-plugin/xsd/surefire-test-report-3.0.xsd" version="3.0" name="mod11les3.tests.LoginTest" time="7.885" tests="2" errors="0" skipped="0" failures="0">
  <properties>
[...]
</properties>
  <testcase name="loginTest" classname="mod11les3.tests.LoginTest" time="3.944">
    <system-err><![CDATA[1688740381835	geckodriver	INFO	Listening on 127.0.0.1:53259
1688740382363	mozrunner::runner	INFO	Running command: "C:\\Program Files\\Mozilla Firefox\\firefox.exe" "--marionette" "--remote-debugging-port" "50851" "--remote-allow-hosts" "localhost" "-no-remote" "-profile" "C:\\Users\\Admin\\AppData\\Local\\Temp\\rust_mozprofile5ADT1m"
console.warn: services.settings: Ignoring preference override of remote settings server
console.warn: services.settings: Allow by setting MOZ_REMOTE_SETTINGS_DEVTOOLS=1 in the environment
1688740382545	Marionette	INFO	Marionette enabled
Dynamically enable window occlusion 0
1688740382548	Marionette	INFO	Listening on port 65377
Read port: 65377
WebDriver BiDi listening on ws://127.0.0.1:50851
1688740382634	RemoteAgent	WARN	TLS certificate errors will be ignored for this session
[ERROR glean_core] Error setting metrics feature config: Json(Error("EOF while parsing a value", line: 1, column: 0))
DevTools listening on ws://127.0.0.1:50851/devtools/browser/653d93a5-a19b-45b5-bd11-a8806c3b7662
июл. 07, 2023 5:33:03 PM org.openqa.selenium.remote.ProtocolHandshake createSession
INFO: Detected dialect: W3C
1688740384731	Marionette	INFO	Stopped listening on port 65377
[Child 3156, Main Thread] WARNING: JSWindowActorChild::SendRawMessage (Conduits, ConduitClosed) not sent: !CanSend() || !mManager || !mManager->CanSend(): file /builds/worker/checkouts/gecko/dom/ipc/jsactor/JSWindowActorChild.cpp:57
[Child 3156, Main Thread] WARNING: JSWindowActorChild::SendRawMessage (Conduits, ConduitClosed) not sent: !CanSend() || !mManager || !mManager->CanSend(): file /builds/worker/checkouts/gecko/dom/ipc/jsactor/JSWindowActorChild.cpp:57
[Child 3156, Main Thread] WARNING: JSWindowActorChild::SendRawMessage (Conduits, ConduitClosed) not sent: !CanSend() || !mManager || !mManager->CanSend(): file /builds/worker/checkouts/gecko/dom/ipc/jsactor/JSWindowActorChild.cpp:57
[Child 3156, Main Thread] WARNING: JSWindowActorChild::SendRawMessage (Conduits, ConduitClosed) not sent: !CanSend() || !mManager || !mManager->CanSend(): file /builds/worker/checkouts/gecko/dom/ipc/jsactor/JSWindowActorChild.cpp:57
[Child 3156, Main Thread] WARNING: JSWindowActorChild::SendRawMessage (Conduits, ConduitClosed) not sent: !CanSend() || !mManager || !mManager->CanSend(): file /builds/worker/checkouts/gecko/dom/ipc/jsactor/JSWindowActorChild.cpp:57
[Child 3156, Main Thread] WARNING: JSWindowActorChild::SendRawMessage (Conduits, ConduitClosed) not sent: !CanSend() || !mManager || !mManager->CanSend(): file /builds/worker/checkouts/gecko/dom/ipc/jsactor/JSWindowActorChild.cpp:57
[Child 3156, Main Thread] WARNING: JSWindowActorChild::SendRawMessage (Conduits, ConduitClosed) not sent: !CanSend() || !mManager || !mManager->CanSend(): file /builds/worker/checkouts/gecko/dom/ipc/jsactor/JSWindowActorChild.cpp:57
[Child 3156, Main Thread] WARNING: JSWindowActorChild::SendRawMessage (Conduits, ConduitClosed) not sent: !CanSend() || !mManager || !mManager->CanSend(): file /builds/worker/checkouts/gecko/dom/ipc/jsactor/JSWindowActorChild.cpp:57
Dynamically enable window occlusion 1
WARNING: A blocker encountered an error while we were waiting.
          Blocker:  Waiting for ping task
          Phase: TelemetryController: Waiting for pending ping activity
          State: (none)
WARNING: Error: Phase "profile-before-change" is finished, it is too late to register completion condition "OS.File: flush I/O queued before profileBeforeChange"
WARNING: addBlocker@resource://gre/modules/AsyncShutdown.sys.mjs:727:15
addBlocker@resource://gre/modules/AsyncShutdown.sys.mjs:523:26
addBlocker@resource://gre/modules/AsyncShutdown.sys.mjs:458:15
setupShutdown@resource://gre/modules/osfile/osfile_async_front.jsm:1548:28
@resource://gre/modules/osfile/osfile_async_front.jsm:1568:16
@resource://gre/modules/osfile.jsm:12:30
@resource://gre/modules/TelemetryStorage.sys.mjs:10:28
_checkPendingPings@resource://gre/modules/TelemetrySend.sys.mjs:859:17
setup@resource://gre/modules/TelemetrySend.sys.mjs:799:18
setup@resource://gre/modules/TelemetrySend.sys.mjs:237:30
setupTelemetry/this._delayedInitTask<@resource://gre/modules/TelemetryControllerParent.sys.mjs:824:36
observe@resource://gre/modules/AsyncShutdown.sys.mjs:576:16

console.error: "TelemetryScheduler.shutdown - Already shut down"
WARNING: A blocker encountered an error while we were waiting.
          Blocker:  Waiting for ping task
          Phase: TelemetryController: Waiting for pending ping activity
          State: (none)
WARNING: Error: Phase "profile-before-change" is finished, it is too late to register completion condition "OS.File: flush I/O queued before profileBeforeChange"
WARNING: addBlocker@resource://gre/modules/AsyncShutdown.sys.mjs:727:15
addBlocker@resource://gre/modules/AsyncShutdown.sys.mjs:523:26
addBlocker@resource://gre/modules/AsyncShutdown.sys.mjs:458:15
setupShutdown@resource://gre/modules/osfile/osfile_async_front.jsm:1548:28
@resource://gre/modules/osfile/osfile_async_front.jsm:1568:16
@resource://gre/modules/osfile.jsm:12:30
@resource://gre/modules/TelemetryStorage.sys.mjs:10:28
_checkPendingPings@resource://gre/modules/TelemetrySend.sys.mjs:859:17
setup@resource://gre/modules/TelemetrySend.sys.mjs:799:18
setup@resource://gre/modules/TelemetrySend.sys.mjs:237:30
setupTelemetry/this._delayedInitTask<@resource://gre/modules/TelemetryControllerParent.sys.mjs:824:36
observe@resource://gre/modules/AsyncShutdown.sys.mjs:576:16

WARNING: A blocker encountered an error while we were waiting.
          Blocker:  Waiting for ping task
          Phase: TelemetryController: Waiting for pending ping activity
          State: (none)
WARNING: Error: Phase "profile-before-change" is finished, it is too late to register completion condition "OS.File: flush I/O queued before profileBeforeChange"
WARNING: addBlocker@rJesource://gre/amovdauSlcersi/pAts yenrcrSohru:t dowrne.ssoyusr.cmej:s/:/7g2r7e:/1m5od
ualdedsB/lAoscyknecrS@hruetsdoouwrnc.es:y/s/.gmrjes/,m oldiunlee s7/2A7s:y nEcrSrhourt:d oPwhna.ssey s".pmrjosf:i5l2e3-:b2e6fo
raed-dcBhlaoncgkee"r @irse sfoiunricseh:e/d/,g riet/ miosd utloeos /lAastyen ctSoh urtedgoiwsnt.esry sc.ommjpsl:e4t5i8o:n1 5condition "OS.
setupShFutidloew:n @frleussohu rIc/eO: /q/ugeruee/dm obdeufloerse/ opsrfoifliel/eoBseffiolree_Cahsaynngce_"fr
ont.jsm:1548:28
@resource://gre/modules/osfiJlaev/aoSscfriilpet_ aesryrnocr_:f rroensto.ujrscme::1/5/6g8r:e1/6mo
d@urleesso/uArscyen:c/S/hgurted/omwond.uslyess./mojssf,i llei.njes 727: Error: Phase "mprofile-be:f1o2r:e3-0ch
a@rnesgouerc"e: /i/gsre /mfoidunliess/Theleemdet,ry Sitotr agie.ss yst.mojos: 10l:2a8t
_ec hetckoPe nrdienggPiingsst@reesrou rcceo:m//pgrle/emotduileosn/T elcemoetnrydSeindt.siyso.mnj s:"8O59S:1.7F
sietlupe@r:e flush I/O queued before profileBeforeChanges"ource://gre/modules/
TJealveamSecrtiprty eSrreorn: dr.essouyrsce.:m//grje/smo:du7le9s/9As:yn1cS8hutd
owsn.esyts.umjps,@ lrinee s72o7:u Errrcore://:g rPheas/e m"porodfiulel-beesfo/reT-cehalngee"m ies tfirniyshSede, nitd .iss tyoos l.atme jtos r:e2gi3s7te:r 3co0mple
tisoent cuonpdiTtieoln e"OmS.eFitler: yf/lutshh Ii/Os q.ue_uedd ebelfaorye epdrofileBeforeChange"
JavaScript error: resouIrcen:/i/gtreT/maodsulk<@resource:e/s//gAsryen/cmShoutddouwnl.seyss./mTjes,l elimnee t72r7:y ECrroorn: tPhrasoe l"plroefirleP-baefroeren-ctha.ngse"y iss .fimnijshsed:,8 i2t 4is: t3oo6 la
toe btos reergvisete@r rcoempsleotiuonr ccoend:it/io/n g"OrS.eFi/lem: ofdluuslhe Is//O Aquseyuend cbSefhorue tprdofoilweBnef.orseCyhsan.gem"j
Jsav:aS5cr7ip6t: e1rr6or: 
res
ouWrAcRe:N//IgNreG/:mo duAle s/bAslyonccSkheutrd owen.nsycso.muntered an error while we were waitingj.s,
  l i n e  7 27 :  E rr orB: lPhoasce k"perro:f i lTee-bleefomree-ctharngye"C is finisohed,n ittr oilsl etro:o  slhauttet itnog  rdeogwinst
e r   c o m p l e t iPohna sceo:n dpirtoifoinl e"-ObSe.fFoirlee-:c hfalnugseh- tIe/lOe mqeuteruyed
  b e f o r e   p r oSftialteeB:e fEorrreoCrh agnegtet"in
gJ asvtaaStcer:i pEtr reorrr:o rP:h arsees o"uprrcoef:i/l/e-gbreef/omroed-ulcehsa/nAgsey"n ciSsh uftidnoiwsnh.esdy,s .imtj si,s  ltionoe  l7a2t7e:  tEor rroergi:s tPehra sceo m"plpertoifoinl ec-obnedfiotrieo-cnh a"nOgSe."F iile: flush I/O queued before psr offiinliesBhefeodr,e it is too Clhaatneg et"o  arte gaidsdtBelro cckoemrp@lreetsioounr cceo:n/d/igtrieo/nm o"dOuSl.eFsi/lAes:y nfclSuhsuht dIo/wOn .qsuyesu.emdj sb:e7f2o7r:e1 5pr
oafdidlBelBoeckfeorr@erCehsaonugrec"e:
//gre/modules/AsyncShutdown.sys.mjs:523:26
addBlocker@resource://gre/modules/AsyncShutdown.sys.mjs:458:15
setupShutdown@resource://gre/modules/osfile/osfile_async_front.jsm:1548:28
@resource://gre/modules/osfile/osfile_async_front.jsm:1568:16
@resource://gre/modules/osfile.jsm:12:30
@resource://gre/modules/TelemetryStorage.sys.mjs:10:28
_checkPendingPings@resource://gre/modules/TelemetrySend.sys.mjs:859:17
setup@resource://gre/modules/TelemetrySend.sys.mjs:799:18
setup@resource://gre/modules/TelemetrySend.sys.mjs:237:30
setupTelemetry/this._delayedInitTask<@resource://gre/modules/TelemetryControllerParent.sys.mjs:824:36
observe@resource://gre/modules/AsyncShutdown.sys.mjs:576:16

WARNING: Error: Phase "profile-before-change" is finished, it is too late to register completion condition "OS.File: flush I/O queued before profileBeforeChange"
WARNING: addBlocker@resource://gre/modules/AsyncShutdown.sys.mjs:727:15
addBlocker@resource://gre/modules/AsyncShutdown.sys.mjs:523:26
addBlocker@resource://gre/modules/AsyncShutdown.sys.mjs:458:15
setupShutdown@resource://gre/modules/osfile/osfile_async_front.jsm:1548:28
@resource://gre/modules/osfile/osfile_async_front.jsm:1568:16
@resource://gre/modules/osfile.jsm:12:30
@resource://gre/modules/TelemetryStorage.sys.mjs:10:28
_checkPendingPings@resource://gre/modules/TelemetrySend.sys.mjs:859:17
setup@resource://gre/modules/TelemetrySend.sys.mjs:799:18
setup@resource://gre/modules/TelemetrySend.sys.mjs:237:30
setupTelemetry/this._delayedInitTask<@resource://gre/modules/TelemetryControllerParent.sys.mjs:824:36
observe@resource://gre/modules/AsyncShutdown.sys.mjs:576:16

]]></system-err>
  </testcase>
  <testcase name="loginTestTask2" classname="mod11les3.tests.LoginTest" time="3.933">
    <system-err><![CDATA[1688740385779	geckodriver	INFO	Listening on 127.0.0.1:51549
1688740386287	mozrunner::runner	INFO	Running command: "C:\\Program Files\\Mozilla Firefox\\firefox.exe" "--marionette" "--remote-debugging-port" "62235" "--remote-allow-hosts" "localhost" "-no-remote" "-profile" "C:\\Users\\Admin\\AppData\\Local\\Temp\\rust_mozprofilebXlM8z"
console.warn: services.settings: Ignoring preference override of remote settings server
console.warn: services.settings: Allow by setting MOZ_REMOTE_SETTINGS_DEVTOOLS=1 in the environment
1688740386477	Marionette	INFO	Marionette enabled
Dynamically enable window occlusion 0
1688740386479	Marionette	INFO	Listening on port 65406
Read port: 65406
WebDriver BiDi listening on ws://127.0.0.1:62235
1688740386548	RemoteAgent	WARN	TLS certificate errors will be ignored for this session
[ERROR glean_core] Error setting metrics feature config: Json(Error("EOF while parsing a value", line: 1, column: 0))
DevTools listening on ws://127.0.0.1:62235/devtools/browser/1d415cf6-7370-4beb-b5b9-51c3f286f75e
июл. 07, 2023 5:33:07 PM org.openqa.selenium.remote.ProtocolHandshake createSession
INFO: Detected dialect: W3C
console.warn: LoginRecipes: "Falling back to a synchronous message for: https://www.saucedemo.com."
console.warn: LoginRecipes: "Falling back to a synchronous message for: https://www.saucedemo.com."
1688740389202	Marionette	INFO	Stopped listening on port 65406
[Child 12884, Main Thread] WARNING: JSWindowActorChild::SendRawMessage (Conduits, ConduitClosed) not sent: !CanSend() || !mManager || !mManager->CanSend(): file /builds/worker/checkouts/gecko/dom/ipc/jsactor/JSWindowActorChild.cpp:57
[Child 12884, Main Thread] WARNING: JSWindowActorChild::SendRawMessage (Conduits, ConduitClosed) not sent: !CanSend() || !mManager || !mManager->CanSend(): file /builds/worker/checkouts/gecko/dom/ipc/jsactor/JSWindowActorChild.cpp:57
[Child 12884, Main Thread] WARNING: JSWindowActorChild::SendRawMessage (Conduits, ConduitClosed) not sent: !CanSend() || !mManager || !mManager->CanSend(): file /builds/worker/checkouts/gecko/dom/ipc/jsactor/JSWindowActorChild.cpp:57
[Child 12884, Main Thread] WARNING: JSWindowActorChild::SendRawMessage (Conduits, ConduitClosed) not sent: !CanSend() || !mManager || !mManager->CanSend(): file /builds/worker/checkouts/gecko/dom/ipc/jsactor/JSWindowActorChild.cpp:57
[Child 12884, Main Thread] WARNING: JSWindowActorChild::SendRawMessage (Conduits, ConduitClosed) not sent: !CanSend() || !mManager || !mManager->CanSend(): file /builds/worker/checkouts/gecko/dom/ipc/jsactor/JSWindowActorChild.cpp:57
[Child 12884, Main Thread] WARNING: JSWindowActorChild::SendRawMessage (Conduits, ConduitClosed) not sent: !CanSend() || !mManager || !mManager->CanSend(): file /builds/worker/checkouts/gecko/dom/ipc/jsactor/JSWindowActorChild.cpp:57
[Child 12884, Main Thread] WARNING: JSWindowActorChild::SendRawMessage (Conduits, ConduitClosed) not sent: !CanSend() || !mManager || !mManager->CanSend(): file /builds/worker/checkouts/gecko/dom/ipc/jsactor/JSWindowActorChild.cpp:57
[Child 12884, Main Thread] WARNING: JSWindowActorChild::SendRawMessage (Conduits, ConduitClosed) not sent: !CanSend() || !mManager || !mManager->CanSend(): file /builds/worker/checkouts/gecko/dom/ipc/jsactor/JSWindowActorChild.cpp:57
Dynamically enable window occlusion 1
WARNING: A blocker encountered an error while we were waiting.
          Blocker:  Waiting for ping task
          Phase: TelemetryController: Waiting for pending ping activity
          State: (none)
WARNING: Error: Phase "profile-before-change" is finished, it is too late to register completion condition "OS.File: flush I/O queued before profileBeforeChange"
WARNING: addBlocker@resource://gre/modules/AsyncShutdown.sys.mjs:727:15
addBlocker@resource://gre/modules/AsyncShutdown.sys.mjs:523:26
addBlocker@resource://gre/modules/AsyncShutdown.sys.mjs:458:15
setupShutdown@resource://gre/modules/osfile/osfile_async_front.jsm:1548:28
@resource://gre/modules/osfile/osfile_async_front.jsm:1568:16
@resource://gre/modules/osfile.jsm:12:30
@resource://gre/modules/TelemetryStorage.sys.mjs:10:28
_checkPendingPings@resource://gre/modules/TelemetrySend.sys.mjs:859:17
setup@resource://gre/modules/TelemetrySend.sys.mjs:799:18
setup@resource://gre/modules/TelemetrySend.sys.mjs:237:30
setupTelemetry/this._delayedInitTask<@resource://gre/modules/TelemetryControllerParent.sys.mjs:824:36
observe@resource://gre/modules/AsyncShutdown.sys.mjs:576:16

console.error: "TelemetryScheduler.shutdown - Already shut down"
WARNING: A blocker encountered an error while we were waiting.
          Blocker:  Waiting for ping task
          Phase: TelemetryController: Waiting for pending ping activity
          State: (none)
WARNING: Error: Phase "profile-before-change" is finished, it is too late to register completion condition "OS.File: flush I/O queued before profileBeforeChange"
WARNING: addBlocker@resource://gre/modules/AsyncShutdown.sys.mjs:727:15
addBlocker@resource://gre/modules/AsyncShutdown.sys.mjs:523:26
addBlocker@resource://gre/modules/AsyncShutdown.sys.mjs:458:15
setupShutdown@resource://gre/modules/osfile/osfile_async_front.jsm:1548:28
@resource://gre/modules/osfile/osfile_async_front.jsm:1568:16
@resource://gre/modules/osfile.jsm:12:30
@resource://gre/modules/TelemetryStorage.sys.mjs:10:28
_checkPendingPings@resource://gre/modules/TelemetrySend.sys.mjs:859:17
setup@resource://gre/modules/TelemetrySend.sys.mjs:799:18
setup@resource://gre/modules/TelemetrySend.sys.mjs:237:30
setupTelemetry/this._delayedInitTask<@resource://gre/modules/TelemetryControllerParent.sys.mjs:824:36
observe@resource://gre/modules/AsyncShutdown.sys.mjs:576:16

WARNING: A blocker encountered an error while we were waiting.
          Blocker:  Waiting for ping task
          Phase: TelemetryController: Waiting for pending ping activity
          State: (none)
WARNING: Error: Phase "profile-before-change" is finished, it is too late to register completion condition "OS.File: flush I/O queued before profileBeforeChange"
WARNINJavaGSc:r iapdtd Belrorcokre:r @rreessoouurrccee::////ggrree//mmoodduulleess//AAssyynnccSShhuuttddoowwnn..ssyyss..mmjjss,: 7l2i7n:e1 572
7a:d dEBrlroocrk:e rP@hraesseo u"rpcreo:f/i/lger-eb/emfoodruel-ecsh/aAnsgyen"c Sihsu tfdionwins.hseyds,. mijts :i5s2 3t:o2o6 l
aatdedB ltooc kreerg@irsetseoru completion conditiron "cOeS:./Fi/lger:e /fmloudsh I/O quulees/uAseydn cbSehfuotrdeow np.sryosf.mijsl:4e58:B1e5fo
rseeCthupaSnhguet"do
wn@resource://gre/modules/osfile/osfile_async_front.jsm:1548:28
@rJesouarcve:a//Sgrce/rmoiduplets/ osefirler/oosfril:e _raseysnocu_frrocnte.j:s/m:/15g68r:1e6/
@mreosodurucel:/e/gsre//Amosduylnecs/Sohsfuitlde.ojwsnm:.12s:3y0s
@.remsojursce,: //lgrien/meo du7le2s/7Te:le meEtrrryoStror:ag eP.hsyas.smjes: 1"0p:2r8o
_fchielckeP-enbdienfgoPirnges@-recsohuarcne:g/e/"g rei/smo dufleis/nTielsehmeetrdyS,en di.stys .is tomoj s:l8a59t:1e7 
stetoup @rreegister completion condition "OS.File: flussho uIrc/eO: /q/gureeu/meoduleds /bTeefloermee tprySend.sys.mrjos:799:18
setup@refsioluerBceef:o/r/egCrhea/nmgoed"ul
eJsa/vTaeSlcermiepttr yeSrernodr.:s yrse.smojusr:c2e3:7/:/3g0re
/smeotduuplTeesl/eAmseytnrcyS/htuhtidso.w_nd.eslyasy.emdjIsn,i tlTiansek <7@2r7e:s oEurrrcoer::/ /Pghraes/em o"dpurloefsi/lTee-lbeemfeotrrey-Ccohnatnrgoel"l eirsP afriennits.hseyds,. mijts :i8s2 4t:o3o6 l
aotbes etrov er@ergeissotuerrc ec:o/m/pglreet/imoond ucloensd/iAtsiyonn "OS.File: fluschS hIu/tOd oqwune.useyds .bmejfso:r5e7 6p:r1o6fi
le
BWeAfRoNrIeNCGh:a nAg eb"lo
cJkaevra Secnrcioputn teerrreodr :a nr eesroruorrc ew:h/i/lger ew/em owdeurlee sw/aAistyinncgS.hu
t d o w n . s y s . mBjlso,c kleirn:e   7T2e7l:e mEertrroyrC:o nPthraoslel e"rp:r osfhiultet-ibnegf odroew-nch
a n g e "   i s   f iPnhiasshee:d ,p riotf iilse -tboeof olraet-ec htaon gree-gtieslteemre tcroymp
l e t i o n   c o n dSittaitoen:  "EOrSr.oFri lgee:t tfilnugs hs tIa/tOe :q uEerureodr : Phase "profile-bbeforeef-ochangree"  pirso ffiilneiBsehfeodr,e Cihta nigse "to
oJ alvaatSec rtiop tr eegrirsotre:r  rceosmopulrecte:i/o/ng rceo/nmdoidtuiloens /"AOsSy.nFciSlheu:t dfolwuns.hs yIs/.Om jqsu,e uleidn eb e7f2o7r:e  Eprrroofri:l ePBheafsoer e"Cphraonfgiel"e -abte faodrdeB-lcohcaknegre@"r eisso ufricnei:s/h/egdr,e /imto diusl etso/oA slyantceS htuot droewgni.sstyesr. mcjosm:p7l2e7t:i1o5n 
caodnddBiltoicokne r"@OrSe.sFoiulrec:e :f/l/ugsrhe /Im/oOd uqlueesu/eAds ybnecfSohruet dporwonf.islyesB.emfjosr:e5C2h3a:nge"
Ja2v6aS
cardidpBtl oecrkror: resourcee:r/@/rgerseo/umrocdeu:l/e/sg/rAes/ymnocdSuhluetsd/oAwsny.nscySsh.umtjdso,w nl.isnyes .7m2j7s:: 4E5r8r:o1r5: 
Psheatsuep S"hpurtodfoiwlne@-rbeesfoourrec-ec:h/a/nggree"/ miodules/osfile/osfile_async_fsr ofnitn.ijsshme:d1,5 4i8t: 2i8s 
t@oroe sloautrec et:o/ /rgergei/smtoedru lceosm/polseftiiloen/ ocsofnidliet_iaosny n"cO_Sf.rFoinlte.:j sfml:u1s5h6 8I:/1O6 q
u@erueesdo ubrecfeo:r/e/ gprreofil/eBmeofdourleeCsh/aonsgfei"le
.jsm:12:30
@resource://gre/modules/TelemetryStorage.sys.mjs:10:28
_checkPendingPings@resource://gre/modules/TelemetrySend.sys.mjs:859:17
setup@resource://gre/modules/TelemetrySend.sys.mjs:799:18
setup@resource://gre/modules/TelemetrySend.sys.mjs:237:30
setupTelemetry/this._delayedInitTask<@resource://gre/modules/TelemetryControllerParent.sys.mjs:824:36
observe@resource://gre/modules/AsyncShutdown.sys.mjs:576:16

WARNING: Error: Phase "profile-before-change" is finished, it is too late to register completion condition "OS.File: flush I/O queued before profileBeforeChange"
WARNING: addBlocker@resource://gre/modules/AsyncShutdown.sys.mjs:727:15
addBlocker@resource://gre/modules/AsyncShutdown.sys.mjs:523:26
addBlocker@resource://gre/modules/AsyncShutdown.sys.mjs:458:15
setupShutdown@resource://gre/modules/osfile/osfile_async_front.jsm:1548:28
@resource://gre/modules/osfile/osfile_async_front.jsm:1568:16
@resource://gre/modules/osfile.jsm:12:30
@resource://gre/modules/TelemetryStorage.sys.mjs:10:28
_checkPendingPings@resource://gre/modules/TelemetrySend.sys.mjs:859:17
setup@resource://gre/modules/TelemetrySend.sys.mjs:799:18
setup@resource://gre/modules/TelemetrySend.sys.mjs:237:30
setupTelemetry/this._delayedInitTask<@resource://gre/modules/TelemetryControllerParent.sys.mjs:824:36
observe@resource://gre/modules/AsyncShutdown.sys.mjs:576:16

]]></system-err>
  </testcase>
</testsuite>